<?xml version="1.0" encoding="UTF-8"?>
<testsuite xmlns:xsi="http://www.w3.org/2001/XMLSchema-instance" xsi:noNamespaceSchemaLocation="https://maven.apache.org/surefire/maven-surefire-plugin/xsd/surefire-test-report-3.0.xsd" version="3.0" name="com.example.bilibilivideostream.BilibiliVideoStreamApplicationTests" time="6.307" tests="5" errors="2" skipped="0" failures="0">
  <properties>
[...]
</properties>
  <testcase name="testCid" classname="com.example.bilibilivideostream.BilibiliVideoStreamApplicationTests" time="2.256">
    <system-out><![CDATA[20:43:36.530 [main] INFO org.springframework.test.context.support.AnnotationConfigContextLoaderUtils -- Could not detect default configuration classes for test class [com.example.bilibilivideostream.BilibiliVideoStreamApplicationTests]: BilibiliVideoStreamApplicationTests does not declare any static, non-private, non-final, nested classes annotated with @Configuration.
20:43:36.584 [main] INFO org.springframework.boot.test.context.SpringBootTestContextBootstrapper -- Found @SpringBootConfiguration com.example.bilibilivideostream.BilibiliVideoStreamApplication for test class com.example.bilibilivideostream.BilibiliVideoStreamApplicationTests
20:43:36.669 [main] INFO org.springframework.boot.devtools.restart.RestartApplicationListener -- Restart disabled due to context in which it is running

  .   ____          _            __ _ _
 /\\ / ___'_ __ _ _(_)_ __  __ _ \ \ \ \
( ( )\___ | '_ | '_| | '_ \/ _` | \ \ \ \
 \\/  ___)| |_)| | | | | || (_| |  ) ) ) )
  '  |____| .__|_| |_|_| |_\__, | / / / /
 =========|_|==============|___/=/_/_/_/
 :: Spring Boot ::                (v3.2.3)

2024-06-18T20:43:36.866+08:00  INFO 30424 --- [           main] .e.b.BilibiliVideoStreamApplicationTests : Starting BilibiliVideoStreamApplicationTests using Java 22.0.1 with PID 30424 (started by homura in D:\H\Code\IDEAUltimate\BilibiliVideoStream)
2024-06-18T20:43:36.866+08:00  INFO 30424 --- [           main] .e.b.BilibiliVideoStreamApplicationTests : No active profile set, falling back to 1 default profile: "default"
2024-06-18T20:43:37.248+08:00  INFO 30424 --- [           main] .s.d.r.c.RepositoryConfigurationDelegate : Bootstrapping Spring Data MongoDB repositories in DEFAULT mode.
2024-06-18T20:43:37.263+08:00  INFO 30424 --- [           main] .s.d.r.c.RepositoryConfigurationDelegate : Finished Spring Data repository scanning in 9 ms. Found 0 MongoDB repository interfaces.
2024-06-18T20:43:37.506+08:00  INFO 30424 --- [           main] org.mongodb.driver.client                : MongoClient with metadata {"driver": {"name": "mongo-java-driver|sync|spring-boot", "version": "4.11.1"}, "os": {"type": "Windows", "name": "Windows 11", "architecture": "amd64", "version": "10.0"}, "platform": "Java/Oracle Corporation/22.0.1+8-16"} created with settings MongoClientSettings{readPreference=primary, writeConcern=WriteConcern{w=null, wTimeout=null ms, journal=null}, retryWrites=true, retryReads=true, readConcern=ReadConcern{level=null}, credential=MongoCredential{mechanism=null, userName='admin', source='bilibili_video_stream', password=<hidden>, mechanismProperties=<hidden>}, transportSettings=null, streamFactoryFactory=null, commandListeners=[], codecRegistry=ProvidersCodecRegistry{codecProviders=[ValueCodecProvider{}, BsonValueCodecProvider{}, DBRefCodecProvider{}, DBObjectCodecProvider{}, DocumentCodecProvider{}, CollectionCodecProvider{}, IterableCodecProvider{}, MapCodecProvider{}, GeoJsonCodecProvider{}, GridFSFileCodecProvider{}, Jsr310CodecProvider{}, JsonObjectCodecProvider{}, BsonCodecProvider{}, EnumCodecProvider{}, com.mongodb.client.model.mql.ExpressionCodecProvider@4dad0eed, com.mongodb.Jep395RecordCodecProvider@7fad214a, com.mongodb.KotlinCodecProvider@164642a4]}, loggerSettings=LoggerSettings{maxDocumentLength=1000}, clusterSettings={hosts=[192.168.40.129:27017], srvServiceName=mongodb, mode=SINGLE, requiredClusterType=UNKNOWN, requiredReplicaSetName='null', serverSelector='null', clusterListeners='[]', serverSelectionTimeout='30000 ms', localThreshold='15 ms'}, socketSettings=SocketSettings{connectTimeoutMS=10000, readTimeoutMS=0, receiveBufferSize=0, proxySettings=ProxySettings{host=null, port=null, username=null, password=null}}, heartbeatSocketSettings=SocketSettings{connectTimeoutMS=10000, readTimeoutMS=10000, receiveBufferSize=0, proxySettings=ProxySettings{host=null, port=null, username=null, password=null}}, connectionPoolSettings=ConnectionPoolSettings{maxSize=100, minSize=0, maxWaitTimeMS=120000, maxConnectionLifeTimeMS=0, maxConnectionIdleTimeMS=0, maintenanceInitialDelayMS=0, maintenanceFrequencyMS=60000, connectionPoolListeners=[], maxConnecting=2}, serverSettings=ServerSettings{heartbeatFrequencyMS=10000, minHeartbeatFrequencyMS=500, serverListeners='[]', serverMonitorListeners='[]'}, sslSettings=SslSettings{enabled=false, invalidHostNameAllowed=false, context=null}, applicationName='null', compressorList=[], uuidRepresentation=JAVA_LEGACY, serverApi=null, autoEncryptionSettings=null, dnsClient=null, inetAddressResolver=null, contextProvider=null}
2024-06-18T20:43:37.522+08:00  INFO 30424 --- [68.40.129:27017] org.mongodb.driver.cluster               : Monitor thread successfully connected to server with description ServerDescription{address=192.168.40.129:27017, type=STANDALONE, state=CONNECTED, ok=true, minWireVersion=0, maxWireVersion=8, maxDocumentSize=16777216, logicalSessionTimeoutMinutes=30, roundTripTimeNanos=15081100}
2024-06-18T20:43:37.953+08:00  INFO 30424 --- [           main] .e.b.BilibiliVideoStreamApplicationTests : Started BilibiliVideoStreamApplicationTests in 1.292 seconds (process running for 1.795)
1545552973
]]></system-out>
    <system-err><![CDATA[WARNING: A Java agent has been loaded dynamically (D:\Maven\apache-maven-3.9.7\repo\net\bytebuddy\byte-buddy-agent\1.14.12\byte-buddy-agent-1.14.12.jar)
WARNING: If a serviceability tool is in use, please run with -XX:+EnableDynamicAgentLoading to hide this warning
WARNING: If a serviceability tool is not in use, please run with -Djdk.instrument.traceUsage for more information
WARNING: Dynamic loading of agents will be disallowed by default in a future release
]]></system-err>
  </testcase>
  <testcase name="testRegex" classname="com.example.bilibilivideostream.BilibiliVideoStreamApplicationTests" time="0.002">
    <system-out><![CDATA[1554707486
]]></system-out>
  </testcase>
  <testcase name="testBangumiInfo" classname="com.example.bilibilivideostream.BilibiliVideoStreamApplicationTests" time="0.148">
    <system-out><![CDATA[BangumiInfo(result=BangumiInfo.ResponseData(episodesList=[BangumiInfo.ResponseData.Episodes(aid=31216455, bvid=BV1VW411d7SM, cid=54539995), BangumiInfo.ResponseData.Episodes(aid=721787941, bvid=BV1XS4y197dp, cid=54151599), BangumiInfo.ResponseData.Episodes(aid=379260417, bvid=BV1Jf4y1M79d, cid=54151680), BangumiInfo.ResponseData.Episodes(aid=634321882, bvid=BV1gb4y1b74R, cid=54151781), BangumiInfo.ResponseData.Episodes(aid=294366281, bvid=BV1uF411a7bh, cid=54152017), BangumiInfo.ResponseData.Episodes(aid=549297420, bvid=BV1dq4y1u7aD, cid=54152204), BangumiInfo.ResponseData.Episodes(aid=849369307, bvid=BV1gL4y1p7y4, cid=54152371), BangumiInfo.ResponseData.Episodes(aid=721806298, bvid=BV1DS4y197nH, cid=54152446), BangumiInfo.ResponseData.Episodes(aid=549308982, bvid=BV1Sq4y1u7D3, cid=54152616), BangumiInfo.ResponseData.Episodes(aid=634343887, bvid=BV1Eb4y1b7V4, cid=54152845), BangumiInfo.ResponseData.Episodes(aid=976824612, bvid=BV1G44y1Y7dJ, cid=54153374), BangumiInfo.ResponseData.Episodes(aid=549359730, bvid=BV1jq4y1g7Da, cid=54153505), BangumiInfo.ResponseData.Episodes(aid=336780077, bvid=BV1SR4y1t7Y5, cid=54153664), BangumiInfo.ResponseData.Episodes(aid=294280022, bvid=BV1YF411h7kJ, cid=54153785), BangumiInfo.ResponseData.Episodes(aid=721807890, bvid=BV1SS4y197CN, cid=54153886), BangumiInfo.ResponseData.Episodes(aid=976790417, bvid=BV1A44y1Y79p, cid=54154239), BangumiInfo.ResponseData.Episodes(aid=719332878, bvid=BV18Q4y1v77W, cid=54154509), BangumiInfo.ResponseData.Episodes(aid=209291531, bvid=BV1Jh411475M, cid=54154693), BangumiInfo.ResponseData.Episodes(aid=721856934, bvid=BV15S4y1R7Z2, cid=54154955), BangumiInfo.ResponseData.Episodes(aid=251777754, bvid=BV1UY411x7Qk, cid=54155137), BangumiInfo.ResponseData.Episodes(aid=464265588, bvid=BV12L411T72e, cid=54155302), BangumiInfo.ResponseData.Episodes(aid=336804318, bvid=BV1TR4y1b7Ho, cid=54540079), BangumiInfo.ResponseData.Episodes(aid=976808487, bvid=BV1Z44y1a7W5, cid=54156413), BangumiInfo.ResponseData.Episodes(aid=806815659, bvid=BV1P34y1o7Ww, cid=54156522)]))
]]></system-out>
  </testcase>
  <testcase name="insertCookie" classname="com.example.bilibilivideostream.BilibiliVideoStreamApplicationTests" time="0.094">
    <error message="Write operation error on server 192.168.40.129:27017. Write error: WriteError{code=11000, message=&apos;E11000 duplicate key error collection: bilibili_video_stream.cookie index: _id_ dup key: { _id: 27842728 }&apos;, details={}}." type="org.springframework.dao.DuplicateKeyException"><![CDATA[org.springframework.dao.DuplicateKeyException: Write operation error on server 192.168.40.129:27017. Write error: WriteError{code=11000, message='E11000 duplicate key error collection: bilibili_video_stream.cookie index: _id_ dup key: { _id: 27842728 }', details={}}.
	at org.springframework.data.mongodb.core.MongoExceptionTranslator.translateExceptionIfPossible(MongoExceptionTranslator.java:99)
	at org.springframework.data.mongodb.core.MongoTemplate.potentiallyConvertRuntimeException(MongoTemplate.java:2993)
	at org.springframework.data.mongodb.core.MongoTemplate.execute(MongoTemplate.java:603)
	at org.springframework.data.mongodb.core.MongoTemplate.insertDocument(MongoTemplate.java:1534)
	at org.springframework.data.mongodb.core.MongoTemplate.doInsert(MongoTemplate.java:1335)
	at org.springframework.data.mongodb.core.MongoTemplate.insert(MongoTemplate.java:1261)
	at org.springframework.data.mongodb.core.MongoTemplate.insert(MongoTemplate.java:1250)
	at com.example.bilibilivideostream.BilibiliVideoStreamApplicationTests.insertCookie(BilibiliVideoStreamApplicationTests.java:112)
	at java.base/java.lang.reflect.Method.invoke(Method.java:580)
	at java.base/java.util.ArrayList.forEach(ArrayList.java:1597)
	at java.base/java.util.ArrayList.forEach(ArrayList.java:1597)
Caused by: com.mongodb.MongoWriteException: Write operation error on server 192.168.40.129:27017. Write error: WriteError{code=11000, message='E11000 duplicate key error collection: bilibili_video_stream.cookie index: _id_ dup key: { _id: 27842728 }', details={}}.
	at com.mongodb.client.internal.MongoCollectionImpl.executeSingleWriteRequest(MongoCollectionImpl.java:1093)
	at com.mongodb.client.internal.MongoCollectionImpl.executeInsertOne(MongoCollectionImpl.java:478)
	at com.mongodb.client.internal.MongoCollectionImpl.insertOne(MongoCollectionImpl.java:461)
	at com.mongodb.client.internal.MongoCollectionImpl.insertOne(MongoCollectionImpl.java:455)
	at org.springframework.data.mongodb.core.MongoTemplate.lambda$insertDocument$17(MongoTemplate.java:1540)
	at org.springframework.data.mongodb.core.MongoTemplate.execute(MongoTemplate.java:601)
	... 8 more
]]></error>
  </testcase>
  <testcase name="testDownload" classname="com.example.bilibilivideostream.BilibiliVideoStreamApplicationTests" time="2.284">
    <error message="java.io.FileNotFoundException: D:\G\无能小OP\更新\videoStream.m4s (系统找不到指定的路径。)" type="java.lang.RuntimeException"><![CDATA[java.lang.RuntimeException: java.io.FileNotFoundException: D:\G\无能小OP\更新\videoStream.m4s (系统找不到指定的路径。)
	at com.example.bilibilivideostream.BilibiliVideoStreamApplicationTests.testDownload(BilibiliVideoStreamApplicationTests.java:71)
	at java.base/java.lang.reflect.Method.invoke(Method.java:580)
	at java.base/java.util.ArrayList.forEach(ArrayList.java:1597)
	at java.base/java.util.ArrayList.forEach(ArrayList.java:1597)
Caused by: java.io.FileNotFoundException: D:\G\无能小OP\更新\videoStream.m4s (系统找不到指定的路径。)
	at java.base/java.io.FileOutputStream.open0(Native Method)
	at java.base/java.io.FileOutputStream.open(FileOutputStream.java:289)
	at java.base/java.io.FileOutputStream.<init>(FileOutputStream.java:230)
	at java.base/java.io.FileOutputStream.<init>(FileOutputStream.java:118)
	at com.example.bilibilivideostream.BilibiliVideoStreamApplicationTests.testDownload(BilibiliVideoStreamApplicationTests.java:68)
	... 3 more
]]></error>
  </testcase>
</testsuite>